<?xml version="1.0" encoding="UTF-8"?>
<!-- Generated by org.testng.reporters.JUnitReportReporter -->
<testsuite hostname="DESKTOP-IH2I929" failures="0" tests="4" name="runner.TestRunner" time="68.827" errors="0" timestamp="2025-03-21T01:08:54 IST" skipped="0">
  <testcase classname="runner.TestRunner" name="runScenario" time="33.522"/>
  <system-out/>
  <testcase classname="runner.TestRunner" name="runScenario" time="12.599"/>
  <system-out/>
  <testcase classname="runner.TestRunner" name="runScenario" time="18.078"/>
  <system-out/>
  <testcase classname="runner.TestRunner" name="runScenario" time="4.628"/>
  <system-out/>
</testsuite> <!-- runner.TestRunner -->
